1771488667: mosquitto version 2.1.2 starting
1771488667: Config loaded from /mosquitto/config/mosquitto.conf.
1771488667: Bridge support available.
1771488667: Persistence support available.
1771488667: TLS support available.
1771488667: TLS-PSK support available.
1771488667: Websockets support available.
1771488667: password-file: Error: Unable to open pwfile "/mosquitto/config/passwords.txt".
1771488667: mosquitto version 2.1.2 terminating
1771488667: Saving in-memory database to /mosquitto/data//mosquitto.db.
1771488686: mosquitto version 2.1.2 starting
1771488686: Config loaded from /mosquitto/config/mosquitto.conf.
1771488686: Bridge support available.
1771488686: Persistence support available.
1771488686: TLS support available.
1771488686: TLS-PSK support available.
1771488686: Websockets support available.
1771488686: password-file: Error: Unable to open pwfile "/mosquitto/config/passwords.txt".
1771488686: mosquitto version 2.1.2 terminating
1771488686: Saving in-memory database to /mosquitto/data//mosquitto.db.
1771488686: mosquitto version 2.1.2 starting
1771488686: Config loaded from /mosquitto/config/mosquitto.conf.
1771488686: Bridge support available.
1771488686: Persistence support available.
1771488686: TLS support available.
1771488686: TLS-PSK support available.
1771488686: Websockets support available.
1771488686: password-file: Error: Unable to open pwfile "/mosquitto/config/passwords.txt".
1771488686: mosquitto version 2.1.2 terminating
1771488686: Saving in-memory database to /mosquitto/data//mosquitto.db.
1771488686: mosquitto version 2.1.2 starting
1771488686: Config loaded from /mosquitto/config/mosquitto.conf.
1771488686: Bridge support available.
1771488686: Persistence support available.
1771488686: TLS support available.
1771488686: TLS-PSK support available.
1771488686: Websockets support available.
1771488686: password-file: Error: Unable to open pwfile "/mosquitto/config/passwords.txt".
1771488686: mosquitto version 2.1.2 terminating
1771488686: Saving in-memory database to /mosquitto/data//mosquitto.db.
1771488687: mosquitto version 2.1.2 starting
1771488687: Config loaded from /mosquitto/config/mosquitto.conf.
1771488687: Bridge support available.
1771488687: Persistence support available.
1771488687: TLS support available.
1771488687: TLS-PSK support available.
1771488687: Websockets support available.
1771488687: password-file: Error: Unable to open pwfile "/mosquitto/config/passwords.txt".
1771488687: mosquitto version 2.1.2 terminating
1771488687: Saving in-memory database to /mosquitto/data//mosquitto.db.
1771488687: mosquitto version 2.1.2 starting
1771488687: Config loaded from /mosquitto/config/mosquitto.conf.
1771488687: Bridge support available.
1771488687: Persistence support available.
1771488687: TLS support available.
1771488687: TLS-PSK support available.
1771488687: Websockets support available.
1771488687: password-file: Error: Unable to open pwfile "/mosquitto/config/passwords.txt".
1771488687: mosquitto version 2.1.2 terminating
1771488687: Saving in-memory database to /mosquitto/data//mosquitto.db.
1771488689: mosquitto version 2.1.2 starting
1771488689: Config loaded from /mosquitto/config/mosquitto.conf.
1771488689: Bridge support available.
1771488689: Persistence support available.
1771488689: TLS support available.
1771488689: TLS-PSK support available.
1771488689: Websockets support available.
1771488689: password-file: Error: Unable to open pwfile "/mosquitto/config/passwords.txt".
1771488689: mosquitto version 2.1.2 terminating
1771488689: Saving in-memory database to /mosquitto/data//mosquitto.db.
1771488692: mosquitto version 2.1.2 starting
1771488692: Config loaded from /mosquitto/config/mosquitto.conf.
1771488692: Bridge support available.
1771488692: Persistence support available.
1771488692: TLS support available.
1771488692: TLS-PSK support available.
1771488692: Websockets support available.
1771488692: password-file: Error: Unable to open pwfile "/mosquitto/config/passwords.txt".
1771488692: mosquitto version 2.1.2 terminating
1771488692: Saving in-memory database to /mosquitto/data//mosquitto.db.
1771488699: mosquitto version 2.1.2 starting
1771488699: Config loaded from /mosquitto/config/mosquitto.conf.
1771488699: Bridge support available.
1771488699: Persistence support available.
1771488699: TLS support available.
1771488699: TLS-PSK support available.
1771488699: Websockets support available.
1771488699: password-file: Error: Unable to open pwfile "/mosquitto/config/passwords.txt".
1771488699: mosquitto version 2.1.2 terminating
1771488699: Saving in-memory database to /mosquitto/data//mosquitto.db.
1771488712: mosquitto version 2.1.2 starting
1771488712: Config loaded from /mosquitto/config/mosquitto.conf.
1771488712: Bridge support available.
1771488712: Persistence support available.
1771488712: TLS support available.
1771488712: TLS-PSK support available.
1771488712: Websockets support available.
1771488712: password-file: Error: Unable to open pwfile "/mosquitto/config/passwords.txt".
1771488712: mosquitto version 2.1.2 terminating
1771488712: Saving in-memory database to /mosquitto/data//mosquitto.db.
1771488738: mosquitto version 2.1.2 starting
1771488738: Config loaded from /mosquitto/config/mosquitto.conf.
1771488738: Bridge support available.
1771488738: Persistence support available.
1771488738: TLS support available.
1771488738: TLS-PSK support available.
1771488738: Websockets support available.
1771488738: password-file: Error: Unable to open pwfile "/mosquitto/config/passwords.txt".
1771488738: mosquitto version 2.1.2 terminating
1771488738: Saving in-memory database to /mosquitto/data//mosquitto.db.
1771488789: mosquitto version 2.1.2 starting
1771488789: Config loaded from /mosquitto/config/mosquitto.conf.
1771488789: Bridge support available.
1771488789: Persistence support available.
1771488789: TLS support available.
1771488789: TLS-PSK support available.
1771488789: Websockets support available.
1771488789: password-file: Error: Unable to open pwfile "/mosquitto/config/passwords.txt".
1771488789: mosquitto version 2.1.2 terminating
1771488789: Saving in-memory database to /mosquitto/data//mosquitto.db.
1771488849: mosquitto version 2.1.2 starting
1771488849: Config loaded from /mosquitto/config/mosquitto.conf.
1771488849: Bridge support available.
1771488849: Persistence support available.
1771488849: TLS support available.
1771488849: TLS-PSK support available.
1771488849: Websockets support available.
1771488849: password-file: Error: Unable to open pwfile "/mosquitto/config/passwords.txt".
1771488849: mosquitto version 2.1.2 terminating
1771488849: Saving in-memory database to /mosquitto/data//mosquitto.db.
1771488909: mosquitto version 2.1.2 starting
1771488909: Config loaded from /mosquitto/config/mosquitto.conf.
1771488909: Bridge support available.
1771488909: Persistence support available.
1771488909: TLS support available.
1771488909: TLS-PSK support available.
1771488909: Websockets support available.
1771488909: password-file: Error: Unable to open pwfile "/mosquitto/config/passwords.txt".
1771488909: mosquitto version 2.1.2 terminating
1771488909: Saving in-memory database to /mosquitto/data//mosquitto.db.
1771488969: mosquitto version 2.1.2 starting
1771488969: Config loaded from /mosquitto/config/mosquitto.conf.
1771488969: Bridge support available.
1771488969: Persistence support available.
1771488969: TLS support available.
1771488969: TLS-PSK support available.
1771488969: Websockets support available.
1771488969: password-file: Error: Unable to open pwfile "/mosquitto/config/passwords.txt".
1771488969: mosquitto version 2.1.2 terminating
1771488969: Saving in-memory database to /mosquitto/data//mosquitto.db.
1771489029: mosquitto version 2.1.2 starting
1771489029: Config loaded from /mosquitto/config/mosquitto.conf.
1771489029: Bridge support available.
1771489029: Persistence support available.
1771489029: TLS support available.
1771489029: TLS-PSK support available.
1771489029: Websockets support available.
1771489029: password-file: Error: Unable to open pwfile "/mosquitto/config/passwords.txt".
1771489029: mosquitto version 2.1.2 terminating
1771489029: Saving in-memory database to /mosquitto/data//mosquitto.db.
1771489089: mosquitto version 2.1.2 starting
1771489089: Config loaded from /mosquitto/config/mosquitto.conf.
1771489089: Bridge support available.
1771489089: Persistence support available.
1771489089: TLS support available.
1771489089: TLS-PSK support available.
1771489089: Websockets support available.
1771489089: password-file: Error: Unable to open pwfile "/mosquitto/config/passwords.txt".
1771489089: mosquitto version 2.1.2 terminating
1771489089: Saving in-memory database to /mosquitto/data//mosquitto.db.
1771489150: mosquitto version 2.1.2 starting
1771489150: Config loaded from /mosquitto/config/mosquitto.conf.
1771489150: Bridge support available.
1771489150: Persistence support available.
1771489150: TLS support available.
1771489150: TLS-PSK support available.
1771489150: Websockets support available.
1771489150: password-file: Error: Unable to open pwfile "/mosquitto/config/passwords.txt".
1771489150: mosquitto version 2.1.2 terminating
1771489150: Saving in-memory database to /mosquitto/data//mosquitto.db.
1771489210: mosquitto version 2.1.2 starting
1771489210: Config loaded from /mosquitto/config/mosquitto.conf.
1771489210: Bridge support available.
1771489210: Persistence support available.
1771489210: TLS support available.
1771489210: TLS-PSK support available.
1771489210: Websockets support available.
1771489210: password-file: Error: Unable to open pwfile "/mosquitto/config/passwords.txt".
1771489210: mosquitto version 2.1.2 terminating
1771489210: Saving in-memory database to /mosquitto/data//mosquitto.db.
1771490195: mosquitto version 2.1.2 starting
1771490195: Config loaded from /mosquitto/config/mosquitto.conf.
1771490195: Bridge support available.
1771490195: Persistence support available.
1771490195: TLS support available.
1771490195: TLS-PSK support available.
1771490195: Websockets support available.
1771490195: password-file: Error: Unable to open pwfile "/mosquitto/config/passwords.txt".
1771490195: mosquitto version 2.1.2 terminating
1771490195: Saving in-memory database to /mosquitto/data//mosquitto.db.
1771490305: mosquitto version 2.1.2 starting
1771490305: Config loaded from /mosquitto/config/mosquitto.conf.
1771490305: Bridge support available.
1771490305: Persistence support available.
1771490305: TLS support available.
1771490305: TLS-PSK support available.
1771490305: Websockets support available.
1771490305: password-file: Error: Unable to open pwfile "/mosquitto/config/passwords.txt".
1771490305: mosquitto version 2.1.2 terminating
1771490305: Saving in-memory database to /mosquitto/data//mosquitto.db.
1771490365: mosquitto version 2.1.2 starting
1771490365: Config loaded from /mosquitto/config/mosquitto.conf.
1771490365: Bridge support available.
1771490365: Persistence support available.
1771490365: TLS support available.
1771490365: TLS-PSK support available.
1771490365: Websockets support available.
1771490365: password-file: Error: Unable to open pwfile "/mosquitto/config/passwords.txt".
1771490365: mosquitto version 2.1.2 terminating
1771490365: Saving in-memory database to /mosquitto/data//mosquitto.db.
1771490425: mosquitto version 2.1.2 starting
1771490425: Config loaded from /mosquitto/config/mosquitto.conf.
1771490425: Bridge support available.
1771490425: Persistence support available.
1771490425: TLS support available.
1771490425: TLS-PSK support available.
1771490425: Websockets support available.
1771490425: password-file: Error: Unable to open pwfile "/mosquitto/config/passwords.txt".
1771490425: mosquitto version 2.1.2 terminating
1771490425: Saving in-memory database to /mosquitto/data//mosquitto.db.
1771490485: mosquitto version 2.1.2 starting
1771490485: Config loaded from /mosquitto/config/mosquitto.conf.
1771490485: Bridge support available.
1771490485: Persistence support available.
1771490485: TLS support available.
1771490485: TLS-PSK support available.
1771490485: Websockets support available.
1771490485: password-file: Error: Unable to open pwfile "/mosquitto/config/passwords.txt".
1771490485: mosquitto version 2.1.2 terminating
1771490485: Saving in-memory database to /mosquitto/data//mosquitto.db.
1771490545: mosquitto version 2.1.2 starting
1771490545: Config loaded from /mosquitto/config/mosquitto.conf.
1771490545: Bridge support available.
1771490545: Persistence support available.
1771490545: TLS support available.
1771490545: TLS-PSK support available.
1771490545: Websockets support available.
1771490545: password-file: Error: Unable to open pwfile "/mosquitto/config/passwords.txt".
1771490545: mosquitto version 2.1.2 terminating
1771490545: Saving in-memory database to /mosquitto/data//mosquitto.db.
1771490605: mosquitto version 2.1.2 starting
1771490605: Config loaded from /mosquitto/config/mosquitto.conf.
1771490605: Bridge support available.
1771490605: Persistence support available.
1771490605: TLS support available.
1771490605: TLS-PSK support available.
1771490605: Websockets support available.
1771490605: Opening ipv4 listen socket on port 1883.
1771490605: mosquitto version 2.1.2 running
1771490706: New connection from 172.18.0.1:46908 on port 1883.
1771490706: New client connected from 172.18.0.1:46908 as dblocker-subscriber (p4, c1, k30).
1771490721: New connection from 172.18.0.1:55122 on port 1883.
1771490721: New client connected from 172.18.0.1:55122 as dblocker-publisher (p4, c1, k30).
1771490721: Client dblocker-publisher [172.18.0.1:55122] disconnected.
1771490730: New connection from 172.18.0.1:48464 on port 1883.
1771490730: New client connected from 172.18.0.1:48464 as dblocker-publisher (p4, c1, k30).
1771490730: Client dblocker-publisher [172.18.0.1:48464] disconnected.
1771490732: New connection from 172.18.0.1:33164 on port 1883.
1771490732: New client connected from 172.18.0.1:33164 as dblocker-publisher (p4, c1, k30).
1771490732: Client dblocker-publisher [172.18.0.1:33164] disconnected.
1771490732: New connection from 172.18.0.1:33172 on port 1883.
1771490732: New client connected from 172.18.0.1:33172 as dblocker-publisher (p4, c1, k30).
1771490732: Client dblocker-publisher [172.18.0.1:33172] disconnected.
1771490737: Client dblocker-subscriber [172.18.0.1:46908] disconnected.
1771492406: Saving in-memory database to /mosquitto/data//mosquitto.db.
1771494207: Saving in-memory database to /mosquitto/data//mosquitto.db.
